Started GET "/sign_in" for ::1 at 2021-11-19 16:24:17 +0530
  [1m[35m (4.0ms)[0m  [1m[34mSELECT sqlite_version(*)[0m
  [1m[35m (1.2ms)[0m  [1m[35mCREATE TABLE "schema_migrations" ("version" varchar NOT NULL PRIMARY KEY)[0m
  [1m[35m (0.9ms)[0m  [1m[35mCREATE TABLE "ar_internal_metadata" ("key" varchar NOT NULL PRIMARY KEY, "value" varchar, "created_at" datetime(6) NOT NULL, "updated_at" datetime(6) NOT NULL)[0m
  [1m[35m (0.2ms)[0m  [1m[34mSELECT "schema_migrations"."version" FROM "schema_migrations" ORDER BY "schema_migrations"."version" ASC[0m
  
ActiveRecord::PendingMigrationError (

Migrations are pending. To resolve this issue, run:

        bin/rails db:migrate RAILS_ENV=development

You have 1 pending migration:

20211104123940_create_users.rb


):
  
activerecord (6.1.4.1) lib/active_record/migration.rb:625:in `check_pending!'
activerecord (6.1.4.1) lib/active_record/migration.rb:590:in `block (2 levels) in call'
activesupport (6.1.4.1) lib/active_support/file_update_checker.rb:83:in `execute'
activerecord (6.1.4.1) lib/active_record/migration.rb:595:in `block in call'
activerecord (6.1.4.1) lib/active_record/migration.rb:587:in `synchronize'
activerecord (6.1.4.1) lib/active_record/migration.rb:587:in `call'
actionpack (6.1.4.1) lib/action_dispatch/middleware/callbacks.rb:27:in `block in call'
activesupport (6.1.4.1) lib/active_support/callbacks.rb:98:in `run_callbacks'
actionpack (6.1.4.1) lib/action_dispatch/middleware/callbacks.rb:26:in `call'
actionpack (6.1.4.1) lib/action_dispatch/middleware/executor.rb:14:in `call'
actionpack (6.1.4.1) lib/action_dispatch/middleware/actionable_exceptions.rb:18:in `call'
actionpack (6.1.4.1) lib/action_dispatch/middleware/debug_exceptions.rb:29:in `call'
web-console (4.1.0) lib/web_console/middleware.rb:132:in `call_app'
web-console (4.1.0) lib/web_console/middleware.rb:28:in `block in call'
web-console (4.1.0) lib/web_console/middleware.rb:17:in `catch'
web-console (4.1.0) lib/web_console/middleware.rb:17:in `call'
actionpack (6.1.4.1) lib/action_dispatch/middleware/show_exceptions.rb:33:in `call'
railties (6.1.4.1) lib/rails/rack/logger.rb:37:in `call_app'
railties (6.1.4.1) lib/rails/rack/logger.rb:26:in `block in call'
activesupport (6.1.4.1) lib/active_support/tagged_logging.rb:99:in `block in tagged'
activesupport (6.1.4.1) lib/active_support/tagged_logging.rb:37:in `tagged'
activesupport (6.1.4.1) lib/active_support/tagged_logging.rb:99:in `tagged'
railties (6.1.4.1) lib/rails/rack/logger.rb:26:in `call'
sprockets-rails (3.2.2) lib/sprockets/rails/quiet_assets.rb:13:in `call'
actionpack (6.1.4.1) lib/action_dispatch/middleware/remote_ip.rb:81:in `call'
actionpack (6.1.4.1) lib/action_dispatch/middleware/request_id.rb:26:in `call'
rack (2.2.3) lib/rack/method_override.rb:24:in `call'
rack (2.2.3) lib/rack/runtime.rb:22:in `call'
activesupport (6.1.4.1) lib/active_support/cache/strategy/local_cache_middleware.rb:29:in `call'
actionpack (6.1.4.1) lib/action_dispatch/middleware/executor.rb:14:in `call'
actionpack (6.1.4.1) lib/action_dispatch/middleware/static.rb:24:in `call'
rack (2.2.3) lib/rack/sendfile.rb:110:in `call'
actionpack (6.1.4.1) lib/action_dispatch/middleware/host_authorization.rb:98:in `call'
rack-mini-profiler (2.3.3) lib/mini_profiler/profiler.rb:393:in `call'
webpacker (5.4.3) lib/webpacker/dev_server_proxy.rb:25:in `perform_request'
rack-proxy (0.7.0) lib/rack/proxy.rb:63:in `call'
railties (6.1.4.1) lib/rails/engine.rb:539:in `call'
puma (5.5.2) lib/puma/configuration.rb:249:in `call'
puma (5.5.2) lib/puma/request.rb:77:in `block in handle_request'
puma (5.5.2) lib/puma/thread_pool.rb:340:in `with_force_shutdown'
puma (5.5.2) lib/puma/request.rb:76:in `handle_request'
puma (5.5.2) lib/puma/server.rb:447:in `process_client'
puma (5.5.2) lib/puma/thread_pool.rb:147:in `block in spawn_thread'
Started GET "/" for ::1 at 2021-11-19 16:24:22 +0530
  [1m[35m (0.2ms)[0m  [1m[34mSELECT "schema_migrations"."version" FROM "schema_migrations" ORDER BY "schema_migrations"."version" ASC[0m
  [1m[35mCACHE  (0.1ms)[0m  [1m[34mSELECT "schema_migrations"."version" FROM "schema_migrations" ORDER BY "schema_migrations"."version" ASC[0m
  
ActiveRecord::PendingMigrationError (

Migrations are pending. To resolve this issue, run:

        bin/rails db:migrate RAILS_ENV=development

You have 1 pending migration:

20211104123940_create_users.rb


):
  
activerecord (6.1.4.1) lib/active_record/migration.rb:625:in `check_pending!'
activerecord (6.1.4.1) lib/active_record/migration.rb:590:in `block (2 levels) in call'
activesupport (6.1.4.1) lib/active_support/file_update_checker.rb:83:in `execute'
activerecord (6.1.4.1) lib/active_record/migration.rb:595:in `block in call'
activerecord (6.1.4.1) lib/active_record/migration.rb:587:in `synchronize'
activerecord (6.1.4.1) lib/active_record/migration.rb:587:in `call'
actionpack (6.1.4.1) lib/action_dispatch/middleware/callbacks.rb:27:in `block in call'
activesupport (6.1.4.1) lib/active_support/callbacks.rb:98:in `run_callbacks'
actionpack (6.1.4.1) lib/action_dispatch/middleware/callbacks.rb:26:in `call'
actionpack (6.1.4.1) lib/action_dispatch/middleware/executor.rb:14:in `call'
actionpack (6.1.4.1) lib/action_dispatch/middleware/actionable_exceptions.rb:18:in `call'
actionpack (6.1.4.1) lib/action_dispatch/middleware/debug_exceptions.rb:29:in `call'
web-console (4.1.0) lib/web_console/middleware.rb:132:in `call_app'
web-console (4.1.0) lib/web_console/middleware.rb:28:in `block in call'
web-console (4.1.0) lib/web_console/middleware.rb:17:in `catch'
web-console (4.1.0) lib/web_console/middleware.rb:17:in `call'
actionpack (6.1.4.1) lib/action_dispatch/middleware/show_exceptions.rb:33:in `call'
railties (6.1.4.1) lib/rails/rack/logger.rb:37:in `call_app'
railties (6.1.4.1) lib/rails/rack/logger.rb:26:in `block in call'
activesupport (6.1.4.1) lib/active_support/tagged_logging.rb:99:in `block in tagged'
activesupport (6.1.4.1) lib/active_support/tagged_logging.rb:37:in `tagged'
activesupport (6.1.4.1) lib/active_support/tagged_logging.rb:99:in `tagged'
railties (6.1.4.1) lib/rails/rack/logger.rb:26:in `call'
sprockets-rails (3.2.2) lib/sprockets/rails/quiet_assets.rb:13:in `call'
actionpack (6.1.4.1) lib/action_dispatch/middleware/remote_ip.rb:81:in `call'
actionpack (6.1.4.1) lib/action_dispatch/middleware/request_id.rb:26:in `call'
rack (2.2.3) lib/rack/method_override.rb:24:in `call'
rack (2.2.3) lib/rack/runtime.rb:22:in `call'
activesupport (6.1.4.1) lib/active_support/cache/strategy/local_cache_middleware.rb:29:in `call'
actionpack (6.1.4.1) lib/action_dispatch/middleware/executor.rb:14:in `call'
actionpack (6.1.4.1) lib/action_dispatch/middleware/static.rb:24:in `call'
rack (2.2.3) lib/rack/sendfile.rb:110:in `call'
actionpack (6.1.4.1) lib/action_dispatch/middleware/host_authorization.rb:98:in `call'
rack-mini-profiler (2.3.3) lib/mini_profiler/profiler.rb:393:in `call'
webpacker (5.4.3) lib/webpacker/dev_server_proxy.rb:25:in `perform_request'
rack-proxy (0.7.0) lib/rack/proxy.rb:63:in `call'
railties (6.1.4.1) lib/rails/engine.rb:539:in `call'
puma (5.5.2) lib/puma/configuration.rb:249:in `call'
puma (5.5.2) lib/puma/request.rb:77:in `block in handle_request'
puma (5.5.2) lib/puma/thread_pool.rb:340:in `with_force_shutdown'
puma (5.5.2) lib/puma/request.rb:76:in `handle_request'
puma (5.5.2) lib/puma/server.rb:447:in `process_client'
puma (5.5.2) lib/puma/thread_pool.rb:147:in `block in spawn_thread'
Started POST "/rails/actions" for ::1 at 2021-11-19 16:24:24 +0530
  [1m[35m (0.1ms)[0m  [1m[34mSELECT "schema_migrations"."version" FROM "schema_migrations" ORDER BY "schema_migrations"."version" ASC[0m
Migrating to CreateUsers (20211104123940)
  [1m[36mTRANSACTION (0.2ms)[0m  [1m[36mbegin transaction[0m
  [1m[35m (0.6ms)[0m  [1m[35mCREATE TABLE "users" ("id" integer PRIMARY KEY AUTOINCREMENT NOT NULL, "email" varchar NOT NULL, "password_digest" varchar, "created_at" datetime(6) NOT NULL, "updated_at" datetime(6) NOT NULL)[0m
  [1m[36mActiveRecord::SchemaMigration Create (0.2ms)[0m  [1m[32mINSERT INTO "schema_migrations" ("version") VALUES (?)[0m  [["version", "20211104123940"]]
  [1m[36mTRANSACTION (1.1ms)[0m  [1m[36mcommit transaction[0m
  [1m[36mActiveRecord::InternalMetadata Load (0.2ms)[0m  [1m[34mSELECT "ar_internal_metadata".* FROM "ar_internal_metadata" WHERE "ar_internal_metadata"."key" = ? LIMIT ?[0m  [["key", "environment"], ["LIMIT", 1]]
  [1m[36mTRANSACTION (0.2ms)[0m  [1m[36mbegin transaction[0m
  [1m[36mActiveRecord::InternalMetadata Create (1.1ms)[0m  [1m[32mINSERT INTO "ar_internal_metadata" ("key", "value", "created_at", "updated_at") VALUES (?, ?, ?, ?)[0m  [["key", "environment"], ["value", "development"], ["created_at", "2021-11-19 10:54:24.480996"], ["updated_at", "2021-11-19 10:54:24.480996"]]
  [1m[36mTRANSACTION (1.1ms)[0m  [1m[36mcommit transaction[0m
  [1m[35m (1.2ms)[0m  [1m[34mSELECT "schema_migrations"."version" FROM "schema_migrations" ORDER BY "schema_migrations"."version" ASC[0m
Started GET "/" for ::1 at 2021-11-19 16:24:24 +0530
  [1m[35m (0.1ms)[0m  [1m[34mSELECT sqlite_version(*)[0m
  [1m[35m (0.1ms)[0m  [1m[34mSELECT "schema_migrations"."version" FROM "schema_migrations" ORDER BY "schema_migrations"."version" ASC[0m
Processing by MainController#index as HTML
  Rendering layout layouts/application.html.erb
  Rendering main/index.html.erb within layouts/application
  Rendered main/index.html.erb within layouts/application (Duration: 0.3ms | Allocations: 157)
[Webpacker] Compiling...
[Webpacker] Compilation failed:
yarn run v1.22.17
info Visit https://yarnpkg.com/en/docs/cli/run for documentation about this command.


error Command "webpack" not found.

  Rendered layout layouts/application.html.erb (Duration: 1322.9ms | Allocations: 12469)
Completed 500 Internal Server Error in 1339ms (ActiveRecord: 0.0ms | Allocations: 18155)


  
ActionView::Template::Error (Webpacker can't find application.js in /Users/devender/Desktop/ruby/a1/Job_Dashboard/scheduled_tweets/public/packs/manifest.json. Possible causes:
1. You want to set webpacker.yml value of compile to true for your environment
   unless you are using the `webpack -w` or the webpack-dev-server.
2. webpack has not yet re-run to reflect updates.
3. You have misconfigured Webpacker's config/webpacker.yml file.
4. Your webpack configuration is not creating a manifest.
Your manifest contains:
{
}
):
    11: 
    12: 
    13:     <%= stylesheet_link_tag 'application', media: 'all', 'data-turbolinks-track': 'reload' %>
    14:     <%= javascript_pack_tag 'application', 'data-turbolinks-track': 'reload' %>
    15:   </head>
    16: 
    17:   <body>
  
app/views/layouts/application.html.erb:14
Started GET "/" for ::1 at 2021-11-19 16:25:11 +0530
  [1m[35m (0.9ms)[0m  [1m[34mSELECT sqlite_version(*)[0m
  [1m[35m (0.6ms)[0m  [1m[34mSELECT "schema_migrations"."version" FROM "schema_migrations" ORDER BY "schema_migrations"."version" ASC[0m
Processing by MainController#index as HTML
  Rendering layout layouts/application.html.erb
  Rendering main/index.html.erb within layouts/application
  Rendered main/index.html.erb within layouts/application (Duration: 1.4ms | Allocations: 368)
[Webpacker] Compiling...
[Webpacker] Compiled all packs in /Users/devender/Desktop/ruby/a1/Job_Dashboard/scheduled_tweets/public/packs
[Webpacker] Hash: e2a8a876c5815bee1e21
Version: webpack 4.46.0
Time: 1598ms
Built at: 11/19/2021 16:25:15
                                     Asset       Size       Chunks                         Chunk Names
    js/application-e421b4aa3f716bebdab1.js    125 KiB  application  [emitted] [immutable]  application
js/application-e421b4aa3f716bebdab1.js.map    139 KiB  application  [emitted] [dev]        application
                             manifest.json  364 bytes               [emitted]              
Entrypoint application = js/application-e421b4aa3f716bebdab1.js js/application-e421b4aa3f716bebdab1.js.map
[./app/javascript/channels sync recursive _channel\.js$] ./app/javascript/channels sync _channel\.js$ 160 bytes {application} [built]
[./app/javascript/channels/index.js] 211 bytes {application} [built]
[./app/javascript/packs/application.js] 492 bytes {application} [built]
[./node_modules/webpack/buildin/module.js] (webpack)/buildin/module.js 552 bytes {application} [built]
    + 3 hidden modules

  Rendered shared/_navbar.html.erb (Duration: 2.7ms | Allocations: 761)
  Rendered shared/_flash.html.erb (Duration: 2.8ms | Allocations: 256)
  Rendered layout layouts/application.html.erb (Duration: 3834.6ms | Allocations: 8956)
Completed 200 OK in 3848ms (Views: 3838.4ms | ActiveRecord: 0.0ms | Allocations: 15177)


Started GET "/sign_in" for ::1 at 2021-11-19 16:25:17 +0530
Processing by SessionsController#new as HTML
  Rendering layout layouts/application.html.erb
  Rendering sessions/new.html.erb within layouts/application
  Rendered sessions/new.html.erb within layouts/application (Duration: 19.7ms | Allocations: 6327)
[Webpacker] Everything's up-to-date. Nothing to do
  Rendered shared/_navbar.html.erb (Duration: 0.3ms | Allocations: 171)
  Rendered shared/_flash.html.erb (Duration: 0.2ms | Allocations: 66)
  Rendered layout layouts/application.html.erb (Duration: 26.7ms | Allocations: 10155)
Completed 200 OK in 33ms (Views: 31.8ms | ActiveRecord: 0.0ms | Allocations: 11407)


Started GET "/sign_up" for ::1 at 2021-11-19 16:25:18 +0530
Processing by RegistrationsController#new as HTML
  Rendering layout layouts/application.html.erb
  Rendering registrations/new.html.erb within layouts/application
  Rendered registrations/new.html.erb within layouts/application (Duration: 2.5ms | Allocations: 1554)
[Webpacker] Everything's up-to-date. Nothing to do
  Rendered shared/_navbar.html.erb (Duration: 0.4ms | Allocations: 175)
  Rendered shared/_flash.html.erb (Duration: 0.1ms | Allocations: 66)
  Rendered layout layouts/application.html.erb (Duration: 9.1ms | Allocations: 5429)
Completed 200 OK in 23ms (Views: 13.3ms | ActiveRecord: 0.5ms | Allocations: 10710)


Started GET "/sign_in" for ::1 at 2021-11-19 16:25:47 +0530
Processing by SessionsController#new as HTML
  Rendering layout layouts/application.html.erb
  Rendering sessions/new.html.erb within layouts/application
  Rendered sessions/new.html.erb within layouts/application (Duration: 4.3ms | Allocations: 2093)
[Webpacker] Everything's up-to-date. Nothing to do
  Rendered shared/_navbar.html.erb (Duration: 0.5ms | Allocations: 153)
  Rendered shared/_flash.html.erb (Duration: 0.2ms | Allocations: 58)
  Rendered layout layouts/application.html.erb (Duration: 29.4ms | Allocations: 6306)
Completed 200 OK in 31ms (Views: 30.3ms | ActiveRecord: 0.0ms | Allocations: 6807)


Started GET "/sign_up" for ::1 at 2021-11-19 16:25:49 +0530
Processing by RegistrationsController#new as HTML
  Rendering layout layouts/application.html.erb
  Rendering registrations/new.html.erb within layouts/application
  Rendered registrations/new.html.erb within layouts/application (Duration: 2.8ms | Allocations: 761)
[Webpacker] Everything's up-to-date. Nothing to do
  Rendered shared/_navbar.html.erb (Duration: 0.5ms | Allocations: 153)
  Rendered shared/_flash.html.erb (Duration: 0.2ms | Allocations: 58)
  Rendered layout layouts/application.html.erb (Duration: 26.9ms | Allocations: 5041)
Completed 200 OK in 29ms (Views: 27.7ms | ActiveRecord: 0.0ms | Allocations: 5516)


Started GET "/sign_up" for ::1 at 2021-11-19 16:25:50 +0530
Processing by RegistrationsController#new as HTML
  Rendering layout layouts/application.html.erb
  Rendering registrations/new.html.erb within layouts/application
  Rendered registrations/new.html.erb within layouts/application (Duration: 6.8ms | Allocations: 761)
[Webpacker] Everything's up-to-date. Nothing to do
  Rendered shared/_navbar.html.erb (Duration: 0.4ms | Allocations: 155)
  Rendered shared/_flash.html.erb (Duration: 0.2ms | Allocations: 58)
  Rendered layout layouts/application.html.erb (Duration: 13.7ms | Allocations: 4431)
Completed 200 OK in 17ms (Views: 15.0ms | ActiveRecord: 0.0ms | Allocations: 4911)


Started GET "/about" for ::1 at 2021-11-19 16:25:52 +0530
Processing by AboutController#index as HTML
  Rendering layout layouts/application.html.erb
  Rendering about/index.html.erb within layouts/application
  Rendered about/index.html.erb within layouts/application (Duration: 0.7ms | Allocations: 145)
[Webpacker] Everything's up-to-date. Nothing to do
  Rendered shared/_navbar.html.erb (Duration: 0.6ms | Allocations: 212)
  Rendered shared/_flash.html.erb (Duration: 0.1ms | Allocations: 66)
  Rendered layout layouts/application.html.erb (Duration: 13.4ms | Allocations: 4098)
Completed 200 OK in 16ms (Views: 14.8ms | ActiveRecord: 0.0ms | Allocations: 5319)


Started GET "/" for ::1 at 2021-11-19 16:25:53 +0530
Processing by MainController#index as HTML
  Rendering layout layouts/application.html.erb
  Rendering main/index.html.erb within layouts/application
  Rendered main/index.html.erb within layouts/application (Duration: 0.1ms | Allocations: 40)
[Webpacker] Everything's up-to-date. Nothing to do
  Rendered shared/_navbar.html.erb (Duration: 0.9ms | Allocations: 167)
  Rendered shared/_flash.html.erb (Duration: 0.1ms | Allocations: 58)
  Rendered layout layouts/application.html.erb (Duration: 39.2ms | Allocations: 4376)
Completed 200 OK in 42ms (Views: 40.3ms | ActiveRecord: 0.0ms | Allocations: 4878)


Started GET "/sign_in" for ::1 at 2021-11-19 16:25:54 +0530
Processing by SessionsController#new as HTML
  Rendering layout layouts/application.html.erb
  Rendering sessions/new.html.erb within layouts/application
  Rendered sessions/new.html.erb within layouts/application (Duration: 5.8ms | Allocations: 2137)
[Webpacker] Everything's up-to-date. Nothing to do
  Rendered shared/_navbar.html.erb (Duration: 1.4ms | Allocations: 153)
  Rendered shared/_flash.html.erb (Duration: 1.4ms | Allocations: 58)
  Rendered layout layouts/application.html.erb (Duration: 32.5ms | Allocations: 6315)
Completed 200 OK in 36ms (Views: 34.2ms | ActiveRecord: 0.0ms | Allocations: 6769)


Started GET "/sign_up" for ::1 at 2021-11-19 16:25:55 +0530
Processing by RegistrationsController#new as HTML
  Rendering layout layouts/application.html.erb
  Rendering registrations/new.html.erb within layouts/application
  Rendered registrations/new.html.erb within layouts/application (Duration: 2.5ms | Allocations: 777)
[Webpacker] Everything's up-to-date. Nothing to do
  Rendered shared/_navbar.html.erb (Duration: 0.7ms | Allocations: 153)
  Rendered shared/_flash.html.erb (Duration: 0.2ms | Allocations: 58)
  Rendered layout layouts/application.html.erb (Duration: 34.4ms | Allocations: 5054)
Completed 200 OK in 37ms (Views: 35.7ms | ActiveRecord: 0.0ms | Allocations: 5539)


Started GET "/sign_up" for ::1 at 2021-11-19 16:53:18 +0530
  [1m[35m (1.7ms)[0m  [1m[34mSELECT sqlite_version(*)[0m
  [1m[35m (0.8ms)[0m  [1m[34mSELECT "schema_migrations"."version" FROM "schema_migrations" ORDER BY "schema_migrations"."version" ASC[0m
  [1m[35mCACHE  (0.1ms)[0m  [1m[34mSELECT "schema_migrations"."version" FROM "schema_migrations" ORDER BY "schema_migrations"."version" ASC[0m
  
ActiveRecord::PendingMigrationError (

Migrations are pending. To resolve this issue, run:

        bin/rails db:migrate RAILS_ENV=development

You have 8 pending migrations:

20211115163217_add_cname_to_users.rb
20211115163329_add_cinnumber_to_users.rb
20211115163434_delete_companyname_to_users.rb
20211115163550_add_mobileno_to_users.rb
20211115175210_create_jseekers.rb
20211118132202_remove_password_from_jseeker.rb
20211118132326_remove_confirm_password_from_jseeker.rb
20211118132611_add_password_digest_to_jseeker.rb


):
  
activerecord (6.1.4.1) lib/active_record/migration.rb:625:in `check_pending!'
activerecord (6.1.4.1) lib/active_record/migration.rb:590:in `block (2 levels) in call'
activesupport (6.1.4.1) lib/active_support/file_update_checker.rb:83:in `execute'
activerecord (6.1.4.1) lib/active_record/migration.rb:595:in `block in call'
activerecord (6.1.4.1) lib/active_record/migration.rb:587:in `synchronize'
activerecord (6.1.4.1) lib/active_record/migration.rb:587:in `call'
actionpack (6.1.4.1) lib/action_dispatch/middleware/callbacks.rb:27:in `block in call'
activesupport (6.1.4.1) lib/active_support/callbacks.rb:98:in `run_callbacks'
actionpack (6.1.4.1) lib/action_dispatch/middleware/callbacks.rb:26:in `call'
actionpack (6.1.4.1) lib/action_dispatch/middleware/executor.rb:14:in `call'
actionpack (6.1.4.1) lib/action_dispatch/middleware/actionable_exceptions.rb:18:in `call'
actionpack (6.1.4.1) lib/action_dispatch/middleware/debug_exceptions.rb:29:in `call'
web-console (4.1.0) lib/web_console/middleware.rb:132:in `call_app'
web-console (4.1.0) lib/web_console/middleware.rb:28:in `block in call'
web-console (4.1.0) lib/web_console/middleware.rb:17:in `catch'
web-console (4.1.0) lib/web_console/middleware.rb:17:in `call'
actionpack (6.1.4.1) lib/action_dispatch/middleware/show_exceptions.rb:33:in `call'
railties (6.1.4.1) lib/rails/rack/logger.rb:37:in `call_app'
railties (6.1.4.1) lib/rails/rack/logger.rb:26:in `block in call'
activesupport (6.1.4.1) lib/active_support/tagged_logging.rb:99:in `block in tagged'
activesupport (6.1.4.1) lib/active_support/tagged_logging.rb:37:in `tagged'
activesupport (6.1.4.1) lib/active_support/tagged_logging.rb:99:in `tagged'
railties (6.1.4.1) lib/rails/rack/logger.rb:26:in `call'
sprockets-rails (3.2.2) lib/sprockets/rails/quiet_assets.rb:13:in `call'
actionpack (6.1.4.1) lib/action_dispatch/middleware/remote_ip.rb:81:in `call'
actionpack (6.1.4.1) lib/action_dispatch/middleware/request_id.rb:26:in `call'
rack (2.2.3) lib/rack/method_override.rb:24:in `call'
rack (2.2.3) lib/rack/runtime.rb:22:in `call'
activesupport (6.1.4.1) lib/active_support/cache/strategy/local_cache_middleware.rb:29:in `call'
actionpack (6.1.4.1) lib/action_dispatch/middleware/executor.rb:14:in `call'
actionpack (6.1.4.1) lib/action_dispatch/middleware/static.rb:24:in `call'
rack (2.2.3) lib/rack/sendfile.rb:110:in `call'
actionpack (6.1.4.1) lib/action_dispatch/middleware/host_authorization.rb:98:in `call'
rack-mini-profiler (2.3.3) lib/mini_profiler/profiler.rb:393:in `call'
webpacker (5.4.3) lib/webpacker/dev_server_proxy.rb:25:in `perform_request'
rack-proxy (0.7.0) lib/rack/proxy.rb:63:in `call'
railties (6.1.4.1) lib/rails/engine.rb:539:in `call'
puma (5.5.2) lib/puma/configuration.rb:249:in `call'
puma (5.5.2) lib/puma/request.rb:77:in `block in handle_request'
puma (5.5.2) lib/puma/thread_pool.rb:340:in `with_force_shutdown'
puma (5.5.2) lib/puma/request.rb:76:in `handle_request'
puma (5.5.2) lib/puma/server.rb:447:in `process_client'
puma (5.5.2) lib/puma/thread_pool.rb:147:in `block in spawn_thread'
Started GET "/" for ::1 at 2021-11-19 16:53:23 +0530
  [1m[35m (0.3ms)[0m  [1m[34mSELECT "schema_migrations"."version" FROM "schema_migrations" ORDER BY "schema_migrations"."version" ASC[0m
  [1m[35mCACHE  (0.0ms)[0m  [1m[34mSELECT "schema_migrations"."version" FROM "schema_migrations" ORDER BY "schema_migrations"."version" ASC[0m
  
ActiveRecord::PendingMigrationError (

Migrations are pending. To resolve this issue, run:

        bin/rails db:migrate RAILS_ENV=development

You have 8 pending migrations:

20211115163217_add_cname_to_users.rb
20211115163329_add_cinnumber_to_users.rb
20211115163434_delete_companyname_to_users.rb
20211115163550_add_mobileno_to_users.rb
20211115175210_create_jseekers.rb
20211118132202_remove_password_from_jseeker.rb
20211118132326_remove_confirm_password_from_jseeker.rb
20211118132611_add_password_digest_to_jseeker.rb


):
  
activerecord (6.1.4.1) lib/active_record/migration.rb:625:in `check_pending!'
activerecord (6.1.4.1) lib/active_record/migration.rb:590:in `block (2 levels) in call'
activesupport (6.1.4.1) lib/active_support/file_update_checker.rb:83:in `execute'
activerecord (6.1.4.1) lib/active_record/migration.rb:595:in `block in call'
activerecord (6.1.4.1) lib/active_record/migration.rb:587:in `synchronize'
activerecord (6.1.4.1) lib/active_record/migration.rb:587:in `call'
actionpack (6.1.4.1) lib/action_dispatch/middleware/callbacks.rb:27:in `block in call'
activesupport (6.1.4.1) lib/active_support/callbacks.rb:98:in `run_callbacks'
actionpack (6.1.4.1) lib/action_dispatch/middleware/callbacks.rb:26:in `call'
actionpack (6.1.4.1) lib/action_dispatch/middleware/executor.rb:14:in `call'
actionpack (6.1.4.1) lib/action_dispatch/middleware/actionable_exceptions.rb:18:in `call'
actionpack (6.1.4.1) lib/action_dispatch/middleware/debug_exceptions.rb:29:in `call'
web-console (4.1.0) lib/web_console/middleware.rb:132:in `call_app'
web-console (4.1.0) lib/web_console/middleware.rb:28:in `block in call'
web-console (4.1.0) lib/web_console/middleware.rb:17:in `catch'
web-console (4.1.0) lib/web_console/middleware.rb:17:in `call'
actionpack (6.1.4.1) lib/action_dispatch/middleware/show_exceptions.rb:33:in `call'
railties (6.1.4.1) lib/rails/rack/logger.rb:37:in `call_app'
railties (6.1.4.1) lib/rails/rack/logger.rb:26:in `block in call'
activesupport (6.1.4.1) lib/active_support/tagged_logging.rb:99:in `block in tagged'
activesupport (6.1.4.1) lib/active_support/tagged_logging.rb:37:in `tagged'
activesupport (6.1.4.1) lib/active_support/tagged_logging.rb:99:in `tagged'
railties (6.1.4.1) lib/rails/rack/logger.rb:26:in `call'
sprockets-rails (3.2.2) lib/sprockets/rails/quiet_assets.rb:13:in `call'
actionpack (6.1.4.1) lib/action_dispatch/middleware/remote_ip.rb:81:in `call'
actionpack (6.1.4.1) lib/action_dispatch/middleware/request_id.rb:26:in `call'
rack (2.2.3) lib/rack/method_override.rb:24:in `call'
rack (2.2.3) lib/rack/runtime.rb:22:in `call'
activesupport (6.1.4.1) lib/active_support/cache/strategy/local_cache_middleware.rb:29:in `call'
actionpack (6.1.4.1) lib/action_dispatch/middleware/executor.rb:14:in `call'
actionpack (6.1.4.1) lib/action_dispatch/middleware/static.rb:24:in `call'
rack (2.2.3) lib/rack/sendfile.rb:110:in `call'
actionpack (6.1.4.1) lib/action_dispatch/middleware/host_authorization.rb:98:in `call'
rack-mini-profiler (2.3.3) lib/mini_profiler/profiler.rb:393:in `call'
webpacker (5.4.3) lib/webpacker/dev_server_proxy.rb:25:in `perform_request'
rack-proxy (0.7.0) lib/rack/proxy.rb:63:in `call'
railties (6.1.4.1) lib/rails/engine.rb:539:in `call'
puma (5.5.2) lib/puma/configuration.rb:249:in `call'
puma (5.5.2) lib/puma/request.rb:77:in `block in handle_request'
puma (5.5.2) lib/puma/thread_pool.rb:340:in `with_force_shutdown'
puma (5.5.2) lib/puma/request.rb:76:in `handle_request'
puma (5.5.2) lib/puma/server.rb:447:in `process_client'
puma (5.5.2) lib/puma/thread_pool.rb:147:in `block in spawn_thread'
Started POST "/rails/actions" for ::1 at 2021-11-19 16:53:25 +0530
  [1m[35m (0.2ms)[0m  [1m[34mSELECT "schema_migrations"."version" FROM "schema_migrations" ORDER BY "schema_migrations"."version" ASC[0m
Migrating to AddCnameToUsers (20211115163217)
  [1m[36mTRANSACTION (0.1ms)[0m  [1m[36mbegin transaction[0m
  [1m[35m (2.1ms)[0m  [1m[35mALTER TABLE "users" ADD "cname" varchar[0m
  [1m[36mActiveRecord::SchemaMigration Create (0.6ms)[0m  [1m[32mINSERT INTO "schema_migrations" ("version") VALUES (?)[0m  [["version", "20211115163217"]]
  [1m[36mTRANSACTION (1.8ms)[0m  [1m[36mcommit transaction[0m
Migrating to AddCinnumberToUsers (20211115163329)
  [1m[36mTRANSACTION (0.2ms)[0m  [1m[36mbegin transaction[0m
  [1m[35m (1.3ms)[0m  [1m[35mALTER TABLE "users" ADD "cinumber" varchar[0m
  [1m[36mActiveRecord::SchemaMigration Create (0.6ms)[0m  [1m[32mINSERT INTO "schema_migrations" ("version") VALUES (?)[0m  [["version", "20211115163329"]]
  [1m[36mTRANSACTION (2.0ms)[0m  [1m[36mcommit transaction[0m
Migrating to DeleteCompanynameToUsers (20211115163434)
  [1m[36mTRANSACTION (0.1ms)[0m  [1m[36mbegin transaction[0m
  [1m[36mActiveRecord::SchemaMigration Create (1.3ms)[0m  [1m[32mINSERT INTO "schema_migrations" ("version") VALUES (?)[0m  [["version", "20211115163434"]]
  [1m[36mTRANSACTION (2.4ms)[0m  [1m[36mcommit transaction[0m
Migrating to AddMobilenoToUsers (20211115163550)
  [1m[36mTRANSACTION (0.2ms)[0m  [1m[36mbegin transaction[0m
  [1m[35m (1.3ms)[0m  [1m[35mALTER TABLE "users" ADD "mobileno" varchar[0m
  [1m[36mActiveRecord::SchemaMigration Create (0.5ms)[0m  [1m[32mINSERT INTO "schema_migrations" ("version") VALUES (?)[0m  [["version", "20211115163550"]]
  [1m[36mTRANSACTION (1.6ms)[0m  [1m[36mcommit transaction[0m
Migrating to CreateJseekers (20211115175210)
  [1m[36mTRANSACTION (0.3ms)[0m  [1m[36mbegin transaction[0m
  [1m[35m (1.0ms)[0m  [1m[35mCREATE TABLE "jseekers" ("id" integer PRIMARY KEY AUTOINCREMENT NOT NULL, "name" varchar, "mobile" varchar, "email" varchar, "percentage" integer, "password" varchar, "confirm_password" varchar, "created_at" datetime(6) NOT NULL, "updated_at" datetime(6) NOT NULL)[0m
  [1m[36mActiveRecord::SchemaMigration Create (0.5ms)[0m  [1m[32mINSERT INTO "schema_migrations" ("version") VALUES (?)[0m  [["version", "20211115175210"]]
  [1m[36mTRANSACTION (2.0ms)[0m  [1m[36mcommit transaction[0m
Migrating to RemovePasswordFromJseeker (20211118132202)
  [1m[36mTRANSACTION (0.2ms)[0m  [1m[36mbegin transaction[0m
  [1m[35m (0.1ms)[0m  [1m[35mPRAGMA foreign_keys[0m
  [1m[35m (0.3ms)[0m  [1m[35mPRAGMA defer_foreign_keys[0m
  [1m[35m (0.2ms)[0m  [1m[35mPRAGMA defer_foreign_keys = ON[0m
  [1m[35m (0.2ms)[0m  [1m[35mPRAGMA foreign_keys = OFF[0m
  [1m[35m (0.3ms)[0m  [1m[35mCREATE TEMPORARY TABLE "ajseekers" ("id" integer NOT NULL PRIMARY KEY, "name" varchar DEFAULT NULL, "mobile" varchar DEFAULT NULL, "email" varchar DEFAULT NULL, "percentage" integer DEFAULT NULL, "password" varchar DEFAULT NULL, "confirm_password" varchar DEFAULT NULL, "created_at" datetime(6) NOT NULL, "updated_at" datetime(6) NOT NULL)[0m
  [1m[35m (0.1ms)[0m  [1m[32mINSERT INTO "ajseekers" ("id","name","mobile","email","percentage","password","confirm_password","created_at","updated_at")
                     SELECT "id","name","mobile","email","percentage","password","confirm_password","created_at","updated_at" FROM "jseekers"[0m
  [1m[35m (1.9ms)[0m  [1m[35mDROP TABLE "jseekers"[0m
  [1m[35m (0.7ms)[0m  [1m[35mCREATE TABLE "jseekers" ("id" integer NOT NULL PRIMARY KEY, "name" varchar DEFAULT NULL, "mobile" varchar DEFAULT NULL, "email" varchar DEFAULT NULL, "percentage" integer DEFAULT NULL, "confirm_password" varchar DEFAULT NULL, "created_at" datetime(6) NOT NULL, "updated_at" datetime(6) NOT NULL)[0m
  [1m[35m (0.3ms)[0m  [1m[32mINSERT INTO "jseekers" ("id","name","mobile","email","percentage","confirm_password","created_at","updated_at")
                     SELECT "id","name","mobile","email","percentage","confirm_password","created_at","updated_at" FROM "ajseekers"[0m
  [1m[35m (1.0ms)[0m  [1m[35mDROP TABLE "ajseekers"[0m
  [1m[35m (0.1ms)[0m  [1m[35mPRAGMA defer_foreign_keys = 0[0m
  [1m[35m (0.8ms)[0m  [1m[35mPRAGMA foreign_keys = 1[0m
  [1m[36mActiveRecord::SchemaMigration Create (1.0ms)[0m  [1m[32mINSERT INTO "schema_migrations" ("version") VALUES (?)[0m  [["version", "20211118132202"]]
  [1m[36mTRANSACTION (2.6ms)[0m  [1m[36mcommit transaction[0m
Migrating to RemoveConfirmPasswordFromJseeker (20211118132326)
  [1m[36mTRANSACTION (0.1ms)[0m  [1m[36mbegin transaction[0m
  [1m[35m (0.1ms)[0m  [1m[35mPRAGMA foreign_keys[0m
  [1m[35m (0.5ms)[0m  [1m[35mPRAGMA defer_foreign_keys[0m
  [1m[35m (0.3ms)[0m  [1m[35mPRAGMA defer_foreign_keys = ON[0m
  [1m[35m (0.3ms)[0m  [1m[35mPRAGMA foreign_keys = OFF[0m
  [1m[35m (0.4ms)[0m  [1m[35mCREATE TEMPORARY TABLE "ajseekers" ("id" integer NOT NULL PRIMARY KEY, "name" varchar DEFAULT NULL, "mobile" varchar DEFAULT NULL, "email" varchar DEFAULT NULL, "percentage" integer DEFAULT NULL, "confirm_password" varchar DEFAULT NULL, "created_at" datetime(6) NOT NULL, "updated_at" datetime(6) NOT NULL)[0m
  [1m[35m (0.3ms)[0m  [1m[32mINSERT INTO "ajseekers" ("id","name","mobile","email","percentage","confirm_password","created_at","updated_at")
                     SELECT "id","name","mobile","email","percentage","confirm_password","created_at","updated_at" FROM "jseekers"[0m
  [1m[35m (1.1ms)[0m  [1m[35mDROP TABLE "jseekers"[0m
  [1m[35m (0.4ms)[0m  [1m[35mCREATE TABLE "jseekers" ("id" integer NOT NULL PRIMARY KEY, "name" varchar DEFAULT NULL, "mobile" varchar DEFAULT NULL, "email" varchar DEFAULT NULL, "percentage" integer DEFAULT NULL, "created_at" datetime(6) NOT NULL, "updated_at" datetime(6) NOT NULL)[0m
  [1m[35m (0.2ms)[0m  [1m[32mINSERT INTO "jseekers" ("id","name","mobile","email","percentage","created_at","updated_at")
                     SELECT "id","name","mobile","email","percentage","created_at","updated_at" FROM "ajseekers"[0m
  [1m[35m (0.3ms)[0m  [1m[35mDROP TABLE "ajseekers"[0m
  [1m[35m (0.2ms)[0m  [1m[35mPRAGMA defer_foreign_keys = 0[0m
  [1m[35m (0.3ms)[0m  [1m[35mPRAGMA foreign_keys = 1[0m
  [1m[36mActiveRecord::SchemaMigration Create (0.9ms)[0m  [1m[32mINSERT INTO "schema_migrations" ("version") VALUES (?)[0m  [["version", "20211118132326"]]
  [1m[36mTRANSACTION (2.8ms)[0m  [1m[36mcommit transaction[0m
Migrating to AddPasswordDigestToJseeker (20211118132611)
  [1m[36mTRANSACTION (0.2ms)[0m  [1m[36mbegin transaction[0m
  [1m[35m (1.7ms)[0m  [1m[35mALTER TABLE "jseekers" ADD "password_digest" varchar[0m
  [1m[36mActiveRecord::SchemaMigration Create (0.4ms)[0m  [1m[32mINSERT INTO "schema_migrations" ("version") VALUES (?)[0m  [["version", "20211118132611"]]
  [1m[36mTRANSACTION (2.2ms)[0m  [1m[36mcommit transaction[0m
  [1m[36mActiveRecord::InternalMetadata Load (0.9ms)[0m  [1m[34mSELECT "ar_internal_metadata".* FROM "ar_internal_metadata" WHERE "ar_internal_metadata"."key" = ? LIMIT ?[0m  [["key", "environment"], ["LIMIT", 1]]
  [1m[35m (0.2ms)[0m  [1m[34mSELECT "schema_migrations"."version" FROM "schema_migrations" ORDER BY "schema_migrations"."version" ASC[0m
Started GET "/" for ::1 at 2021-11-19 16:53:26 +0530
  [1m[35m (0.1ms)[0m  [1m[34mSELECT sqlite_version(*)[0m
  [1m[35m (0.2ms)[0m  [1m[34mSELECT "schema_migrations"."version" FROM "schema_migrations" ORDER BY "schema_migrations"."version" ASC[0m
Processing by MainController#index as HTML
  Rendering layout layouts/application.html.erb
  Rendering main/index.html.erb within layouts/application
  Rendered main/index.html.erb within layouts/application (Duration: 0.9ms | Allocations: 158)
[Webpacker] Compiling...
[Webpacker] Compiled all packs in /Users/devender/Desktop/ruby/a1/Job_Dashboard/scheduled_tweets/public/packs
[Webpacker] Hash: e2a8a876c5815bee1e21
Version: webpack 4.46.0
Time: 1330ms
Built at: 11/19/2021 16:53:31
                                     Asset       Size       Chunks                         Chunk Names
    js/application-e421b4aa3f716bebdab1.js    125 KiB  application  [emitted] [immutable]  application
js/application-e421b4aa3f716bebdab1.js.map    139 KiB  application  [emitted] [dev]        application
                             manifest.json  364 bytes               [emitted]              
Entrypoint application = js/application-e421b4aa3f716bebdab1.js js/application-e421b4aa3f716bebdab1.js.map
[./app/javascript/channels sync recursive _channel\.js$] ./app/javascript/channels sync _channel\.js$ 160 bytes {application} [built]
[./app/javascript/channels/index.js] 211 bytes {application} [built]
[./app/javascript/packs/application.js] 492 bytes {application} [built]
[./node_modules/webpack/buildin/module.js] (webpack)/buildin/module.js 552 bytes {application} [built]
    + 3 hidden modules

  Rendered shared/_navbar.html.erb (Duration: 8.0ms | Allocations: 973)
  Rendered shared/_flash.html.erb (Duration: 1.4ms | Allocations: 255)
  Rendered layout layouts/application.html.erb (Duration: 5516.8ms | Allocations: 8856)
Completed 200 OK in 5542ms (Views: 5523.7ms | ActiveRecord: 0.0ms | Allocations: 11675)


Started GET "/sign_up" for ::1 at 2021-11-19 16:53:42 +0530
Processing by RegistrationsController#new as HTML
  Rendering layout layouts/application.html.erb
  Rendering registrations/new.html.erb within layouts/application
  Rendered registrations/new.html.erb within layouts/application (Duration: 22.8ms | Allocations: 4061)
[Webpacker] Everything's up-to-date. Nothing to do
  Rendered shared/_navbar.html.erb (Duration: 0.5ms | Allocations: 232)
  Rendered shared/_flash.html.erb (Duration: 0.2ms | Allocations: 66)
  Rendered layout layouts/application.html.erb (Duration: 41.0ms | Allocations: 8011)
Completed 200 OK in 75ms (Views: 45.2ms | ActiveRecord: 1.9ms | Allocations: 14155)


Started GET "/sign_in" for ::1 at 2021-11-19 16:53:48 +0530
Processing by SessionsController#new as HTML
  Rendering layout layouts/application.html.erb
  Rendering sessions/new.html.erb within layouts/application
  Rendered sessions/new.html.erb within layouts/application (Duration: 4.3ms | Allocations: 2471)
[Webpacker] Everything's up-to-date. Nothing to do
  Rendered shared/_navbar.html.erb (Duration: 0.6ms | Allocations: 224)
  Rendered shared/_flash.html.erb (Duration: 0.3ms | Allocations: 66)
  Rendered layout layouts/application.html.erb (Duration: 19.8ms | Allocations: 6334)
Completed 200 OK in 30ms (Views: 26.8ms | ActiveRecord: 0.0ms | Allocations: 7563)


Started GET "/sign_up1" for ::1 at 2021-11-19 16:53:54 +0530
Processing by RegistrationjsController#new as HTML
  Rendering layout layouts/application.html.erb
  Rendering registrationjs/new.html.erb within layouts/application
  Rendered registrationjs/new.html.erb within layouts/application (Duration: 13.2ms | Allocations: 2203)
[Webpacker] Everything's up-to-date. Nothing to do
  Rendered shared/_navbar.html.erb (Duration: 0.7ms | Allocations: 226)
  Rendered shared/_flash.html.erb (Duration: 0.2ms | Allocations: 66)
  Rendered layout layouts/application.html.erb (Duration: 30.9ms | Allocations: 6128)
Completed 200 OK in 61ms (Views: 34.6ms | ActiveRecord: 1.4ms | Allocations: 11639)


Started GET "/sign_in1" for ::1 at 2021-11-19 16:54:01 +0530
Processing by Sessions1Controller#new as HTML
  Rendering layout layouts/application.html.erb
  Rendering sessions1/new.html.erb within layouts/application
  Rendered sessions1/new.html.erb within layouts/application (Duration: 4.4ms | Allocations: 2463)
[Webpacker] Everything's up-to-date. Nothing to do
  Rendered shared/_navbar.html.erb (Duration: 1.7ms | Allocations: 224)
  Rendered shared/_flash.html.erb (Duration: 0.4ms | Allocations: 66)
  Rendered layout layouts/application.html.erb (Duration: 22.9ms | Allocations: 6333)
Completed 200 OK in 34ms (Views: 30.5ms | ActiveRecord: 0.0ms | Allocations: 7554)


Started GET "/" for ::1 at 2021-11-20 21:03:01 +0530
  [1m[35m (2.1ms)[0m  [1m[34mSELECT sqlite_version(*)[0m
  [1m[35m (9.3ms)[0m  [1m[34mSELECT "schema_migrations"."version" FROM "schema_migrations" ORDER BY "schema_migrations"."version" ASC[0m
Processing by MainController#index as HTML
  Rendering layout layouts/application.html.erb
  Rendering main/index.html.erb within layouts/application
  Rendered main/index.html.erb within layouts/application (Duration: 4.4ms | Allocations: 369)
[Webpacker] Everything's up-to-date. Nothing to do
  Rendered shared/_navbar.html.erb (Duration: 2.7ms | Allocations: 963)
  Rendered shared/_flash.html.erb (Duration: 0.6ms | Allocations: 256)
  Rendered layout layouts/application.html.erb (Duration: 41.0ms | Allocations: 7973)
Completed 200 OK in 61ms (Views: 49.3ms | ActiveRecord: 0.0ms | Allocations: 11548)


Started GET "/sign_in" for ::1 at 2021-11-20 21:03:08 +0530
Processing by SessionsController#new as HTML
  Rendering layout layouts/application.html.erb
  Rendering sessions/new.html.erb within layouts/application
  Rendered sessions/new.html.erb within layouts/application (Duration: 22.6ms | Allocations: 4183)
[Webpacker] Everything's up-to-date. Nothing to do
  Rendered shared/_navbar.html.erb (Duration: 0.6ms | Allocations: 224)
  Rendered shared/_flash.html.erb (Duration: 0.2ms | Allocations: 66)
  Rendered layout layouts/application.html.erb (Duration: 37.2ms | Allocations: 8064)
Completed 200 OK in 42ms (Views: 40.2ms | ActiveRecord: 0.0ms | Allocations: 9337)


Started GET "/sign_up" for ::1 at 2021-11-20 21:03:09 +0530
Processing by RegistrationsController#new as HTML
  Rendering layout layouts/application.html.erb
  Rendering registrations/new.html.erb within layouts/application
  Rendered registrations/new.html.erb within layouts/application (Duration: 16.5ms | Allocations: 2330)
[Webpacker] Everything's up-to-date. Nothing to do
  Rendered shared/_navbar.html.erb (Duration: 0.5ms | Allocations: 226)
  Rendered shared/_flash.html.erb (Duration: 0.1ms | Allocations: 66)
  Rendered layout layouts/application.html.erb (Duration: 27.1ms | Allocations: 6255)
Completed 200 OK in 46ms (Views: 31.2ms | ActiveRecord: 1.5ms | Allocations: 12808)


Started GET "/sign_in" for ::1 at 2021-11-20 21:03:10 +0530
Processing by SessionsController#new as HTML
  Rendering layout layouts/application.html.erb
  Rendering sessions/new.html.erb within layouts/application
  Rendered sessions/new.html.erb within layouts/application (Duration: 2.1ms | Allocations: 2093)
[Webpacker] Everything's up-to-date. Nothing to do
  Rendered shared/_navbar.html.erb (Duration: 2.3ms | Allocations: 199)
  Rendered shared/_flash.html.erb (Duration: 0.5ms | Allocations: 58)
  Rendered layout layouts/application.html.erb (Duration: 35.3ms | Allocations: 5707)
Completed 200 OK in 37ms (Views: 36.2ms | ActiveRecord: 0.0ms | Allocations: 6215)


Started GET "/sign_up1" for ::1 at 2021-11-20 21:03:11 +0530
Processing by RegistrationjsController#new as HTML
  Rendering layout layouts/application.html.erb
  Rendering registrationjs/new.html.erb within layouts/application
  Rendered registrationjs/new.html.erb within layouts/application (Duration: 13.2ms | Allocations: 2203)
[Webpacker] Everything's up-to-date. Nothing to do
  Rendered shared/_navbar.html.erb (Duration: 0.4ms | Allocations: 228)
  Rendered shared/_flash.html.erb (Duration: 0.1ms | Allocations: 66)
  Rendered layout layouts/application.html.erb (Duration: 24.7ms | Allocations: 6131)
Completed 200 OK in 46ms (Views: 26.9ms | ActiveRecord: 1.1ms | Allocations: 11643)


Started GET "/sign_in1" for ::1 at 2021-11-20 21:03:12 +0530
Processing by Sessions1Controller#new as HTML
  Rendering layout layouts/application.html.erb
  Rendering sessions1/new.html.erb within layouts/application
  Rendered sessions1/new.html.erb within layouts/application (Duration: 2.5ms | Allocations: 2459)
[Webpacker] Everything's up-to-date. Nothing to do
  Rendered shared/_navbar.html.erb (Duration: 1.6ms | Allocations: 224)
  Rendered shared/_flash.html.erb (Duration: 0.4ms | Allocations: 66)
  Rendered layout layouts/application.html.erb (Duration: 17.2ms | Allocations: 6322)
Completed 200 OK in 20ms (Views: 18.7ms | ActiveRecord: 0.0ms | Allocations: 7550)


Started GET "/sign_up" for ::1 at 2021-11-20 21:03:13 +0530
Processing by RegistrationsController#new as HTML
  Rendering layout layouts/application.html.erb
  Rendering registrations/new.html.erb within layouts/application
  Rendered registrations/new.html.erb within layouts/application (Duration: 15.8ms | Allocations: 1334)
[Webpacker] Everything's up-to-date. Nothing to do
  Rendered shared/_navbar.html.erb (Duration: 0.6ms | Allocations: 199)
  Rendered shared/_flash.html.erb (Duration: 0.2ms | Allocations: 58)
  Rendered layout layouts/application.html.erb (Duration: 26.6ms | Allocations: 5047)
Completed 200 OK in 29ms (Views: 27.2ms | ActiveRecord: 0.0ms | Allocations: 5583)


Started GET "/sign_in" for ::1 at 2021-11-20 21:03:14 +0530
Processing by SessionsController#new as HTML
  Rendering layout layouts/application.html.erb
  Rendering sessions/new.html.erb within layouts/application
  Rendered sessions/new.html.erb within layouts/application (Duration: 3.6ms | Allocations: 2091)
[Webpacker] Everything's up-to-date. Nothing to do
  Rendered shared/_navbar.html.erb (Duration: 0.4ms | Allocations: 199)
  Rendered shared/_flash.html.erb (Duration: 0.2ms | Allocations: 58)
  Rendered layout layouts/application.html.erb (Duration: 28.5ms | Allocations: 5705)
Completed 200 OK in 30ms (Views: 29.2ms | ActiveRecord: 0.0ms | Allocations: 6166)


Started GET "/sign_up1" for ::1 at 2021-11-20 21:03:15 +0530
Processing by RegistrationjsController#new as HTML
  Rendering layout layouts/application.html.erb
  Rendering registrationjs/new.html.erb within layouts/application
  Rendered registrationjs/new.html.erb within layouts/application (Duration: 32.9ms | Allocations: 1319)
[Webpacker] Everything's up-to-date. Nothing to do
  Rendered shared/_navbar.html.erb (Duration: 0.6ms | Allocations: 199)
  Rendered shared/_flash.html.erb (Duration: 0.3ms | Allocations: 58)
  Rendered layout layouts/application.html.erb (Duration: 61.6ms | Allocations: 5661)
Completed 200 OK in 63ms (Views: 62.3ms | ActiveRecord: 0.0ms | Allocations: 6147)


Started GET "/sign_in" for ::1 at 2021-11-20 21:03:19 +0530
Processing by SessionsController#new as HTML
  Rendering layout layouts/application.html.erb
  Rendering sessions/new.html.erb within layouts/application
  Rendered sessions/new.html.erb within layouts/application (Duration: 2.3ms | Allocations: 2092)
[Webpacker] Everything's up-to-date. Nothing to do
  Rendered shared/_navbar.html.erb (Duration: 1.3ms | Allocations: 199)
  Rendered shared/_flash.html.erb (Duration: 0.4ms | Allocations: 58)
  Rendered layout layouts/application.html.erb (Duration: 26.9ms | Allocations: 5714)
Completed 200 OK in 31ms (Views: 29.2ms | ActiveRecord: 0.0ms | Allocations: 6175)


Started GET "/sign_up" for ::1 at 2021-11-20 21:03:21 +0530
Processing by RegistrationsController#new as HTML
  Rendering layout layouts/application.html.erb
  Rendering registrations/new.html.erb within layouts/application
  Rendered registrations/new.html.erb within layouts/application (Duration: 5.1ms | Allocations: 1318)
[Webpacker] Everything's up-to-date. Nothing to do
  Rendered shared/_navbar.html.erb (Duration: 0.8ms | Allocations: 199)
  Rendered shared/_flash.html.erb (Duration: 1.1ms | Allocations: 58)
  Rendered layout layouts/application.html.erb (Duration: 26.1ms | Allocations: 5031)
Completed 200 OK in 30ms (Views: 28.4ms | ActiveRecord: 0.0ms | Allocations: 5508)


Started GET "/sign_up1" for ::1 at 2021-11-20 21:03:22 +0530
Processing by RegistrationjsController#new as HTML
  Rendering layout layouts/application.html.erb
  Rendering registrationjs/new.html.erb within layouts/application
  Rendered registrationjs/new.html.erb within layouts/application (Duration: 5.3ms | Allocations: 1318)
[Webpacker] Everything's up-to-date. Nothing to do
  Rendered shared/_navbar.html.erb (Duration: 0.4ms | Allocations: 201)
  Rendered shared/_flash.html.erb (Duration: 0.1ms | Allocations: 58)
  Rendered layout layouts/application.html.erb (Duration: 13.7ms | Allocations: 5034)
Completed 200 OK in 19ms (Views: 15.0ms | ActiveRecord: 0.0ms | Allocations: 5523)


Started GET "/sign_in1" for ::1 at 2021-11-20 21:03:23 +0530
Processing by Sessions1Controller#new as HTML
  Rendering layout layouts/application.html.erb
  Rendering sessions1/new.html.erb within layouts/application
  Rendered sessions1/new.html.erb within layouts/application (Duration: 2.3ms | Allocations: 2092)
[Webpacker] Everything's up-to-date. Nothing to do
  Rendered shared/_navbar.html.erb (Duration: 0.9ms | Allocations: 199)
  Rendered shared/_flash.html.erb (Duration: 0.2ms | Allocations: 58)
  Rendered layout layouts/application.html.erb (Duration: 36.6ms | Allocations: 6176)
Completed 200 OK in 40ms (Views: 38.7ms | ActiveRecord: 0.0ms | Allocations: 6657)


Started GET "/sign_up1" for ::1 at 2021-11-20 21:03:26 +0530
Processing by RegistrationjsController#new as HTML
  Rendering layout layouts/application.html.erb
  Rendering registrationjs/new.html.erb within layouts/application
  Rendered registrationjs/new.html.erb within layouts/application (Duration: 5.4ms | Allocations: 1318)
[Webpacker] Everything's up-to-date. Nothing to do
  Rendered shared/_navbar.html.erb (Duration: 0.6ms | Allocations: 199)
  Rendered shared/_flash.html.erb (Duration: 0.1ms | Allocations: 58)
  Rendered layout layouts/application.html.erb (Duration: 14.5ms | Allocations: 5031)
Completed 200 OK in 18ms (Views: 15.6ms | ActiveRecord: 0.0ms | Allocations: 5508)


Started GET "/sign_in" for ::1 at 2021-11-20 21:03:27 +0530
Processing by SessionsController#new as HTML
  Rendering layout layouts/application.html.erb
  Rendering sessions/new.html.erb within layouts/application
  Rendered sessions/new.html.erb within layouts/application (Duration: 4.3ms | Allocations: 2091)
[Webpacker] Everything's up-to-date. Nothing to do
  Rendered shared/_navbar.html.erb (Duration: 1.1ms | Allocations: 199)
  Rendered shared/_flash.html.erb (Duration: 0.4ms | Allocations: 58)
  Rendered layout layouts/application.html.erb (Duration: 26.3ms | Allocations: 6175)
Completed 200 OK in 30ms (Views: 28.4ms | ActiveRecord: 0.0ms | Allocations: 6644)


Started GET "/sign_up" for ::1 at 2021-11-20 21:03:28 +0530
Processing by RegistrationsController#new as HTML
  Rendering layout layouts/application.html.erb
  Rendering registrations/new.html.erb within layouts/application
  Rendered registrations/new.html.erb within layouts/application (Duration: 4.4ms | Allocations: 1318)
[Webpacker] Everything's up-to-date. Nothing to do
  Rendered shared/_navbar.html.erb (Duration: 6.2ms | Allocations: 199)
  Rendered shared/_flash.html.erb (Duration: 0.3ms | Allocations: 58)
  Rendered layout layouts/application.html.erb (Duration: 38.0ms | Allocations: 5031)
Completed 200 OK in 41ms (Views: 39.2ms | ActiveRecord: 0.0ms | Allocations: 5508)


Started GET "/sign_in" for ::1 at 2021-11-20 21:03:32 +0530
Processing by SessionsController#new as HTML
  Rendering layout layouts/application.html.erb
  Rendering sessions/new.html.erb within layouts/application
  Rendered sessions/new.html.erb within layouts/application (Duration: 4.3ms | Allocations: 2091)
[Webpacker] Everything's up-to-date. Nothing to do
  Rendered shared/_navbar.html.erb (Duration: 0.4ms | Allocations: 199)
  Rendered shared/_flash.html.erb (Duration: 0.2ms | Allocations: 58)
  Rendered layout layouts/application.html.erb (Duration: 35.0ms | Allocations: 6179)
Completed 200 OK in 38ms (Views: 37.5ms | ActiveRecord: 0.0ms | Allocations: 6648)


Started GET "/sign_up1" for ::1 at 2021-11-20 21:03:32 +0530
Processing by RegistrationjsController#new as HTML
  Rendering layout layouts/application.html.erb
  Rendering registrationjs/new.html.erb within layouts/application
  Rendered registrationjs/new.html.erb within layouts/application (Duration: 6.1ms | Allocations: 1318)
[Webpacker] Everything's up-to-date. Nothing to do
  Rendered shared/_navbar.html.erb (Duration: 0.3ms | Allocations: 199)
  Rendered shared/_flash.html.erb (Duration: 0.1ms | Allocations: 58)
  Rendered layout layouts/application.html.erb (Duration: 27.6ms | Allocations: 5031)
Completed 200 OK in 30ms (Views: 28.4ms | ActiveRecord: 0.0ms | Allocations: 5508)


Started GET "/sign_in1" for ::1 at 2021-11-20 21:03:33 +0530
Processing by Sessions1Controller#new as HTML
  Rendering layout layouts/application.html.erb
  Rendering sessions1/new.html.erb within layouts/application
  Rendered sessions1/new.html.erb within layouts/application (Duration: 8.5ms | Allocations: 2135)
[Webpacker] Everything's up-to-date. Nothing to do
  Rendered shared/_navbar.html.erb (Duration: 0.5ms | Allocations: 199)
  Rendered shared/_flash.html.erb (Duration: 0.8ms | Allocations: 58)
  Rendered layout layouts/application.html.erb (Duration: 62.8ms | Allocations: 6334)
Completed 200 OK in 65ms (Views: 63.9ms | ActiveRecord: 0.0ms | Allocations: 6794)


Started GET "/sign_in" for ::1 at 2021-11-20 21:05:23 +0530
Processing by SessionsController#new as HTML
  Rendering layout layouts/application.html.erb
  Rendering sessions/new.html.erb within layouts/application
  Rendered sessions/new.html.erb within layouts/application (Duration: 15.1ms | Allocations: 2092)
[Webpacker] Everything's up-to-date. Nothing to do
  Rendered shared/_navbar.html.erb (Duration: 0.6ms | Allocations: 199)
  Rendered shared/_flash.html.erb (Duration: 0.2ms | Allocations: 58)
  Rendered layout layouts/application.html.erb (Duration: 32.9ms | Allocations: 6344)
Completed 200 OK in 36ms (Views: 34.7ms | ActiveRecord: 0.0ms | Allocations: 6806)


Started GET "/sign_up1" for ::1 at 2021-11-20 21:05:26 +0530
Processing by RegistrationjsController#new as HTML
  Rendering layout layouts/application.html.erb
  Rendering registrationjs/new.html.erb within layouts/application
  Rendered registrationjs/new.html.erb within layouts/application (Duration: 5.9ms | Allocations: 1318)
[Webpacker] Everything's up-to-date. Nothing to do
  Rendered shared/_navbar.html.erb (Duration: 1.2ms | Allocations: 199)
  Rendered shared/_flash.html.erb (Duration: 0.3ms | Allocations: 58)
  Rendered layout layouts/application.html.erb (Duration: 31.1ms | Allocations: 5039)
Completed 200 OK in 34ms (Views: 32.3ms | ActiveRecord: 0.0ms | Allocations: 5518)


Started GET "/sign_in1" for ::1 at 2021-11-20 21:05:27 +0530
Processing by Sessions1Controller#new as HTML
  Rendering layout layouts/application.html.erb
  Rendering sessions1/new.html.erb within layouts/application
  Rendered sessions1/new.html.erb within layouts/application (Duration: 3.0ms | Allocations: 2092)
[Webpacker] Everything's up-to-date. Nothing to do
  Rendered shared/_navbar.html.erb (Duration: 0.3ms | Allocations: 199)
  Rendered shared/_flash.html.erb (Duration: 0.1ms | Allocations: 58)
  Rendered layout layouts/application.html.erb (Duration: 15.7ms | Allocations: 6244)
Completed 200 OK in 21ms (Views: 17.4ms | ActiveRecord: 0.0ms | Allocations: 6704)


Started GET "/sign_up1" for ::1 at 2021-11-20 21:05:28 +0530
Processing by RegistrationjsController#new as HTML
  Rendering layout layouts/application.html.erb
  Rendering registrationjs/new.html.erb within layouts/application
  Rendered registrationjs/new.html.erb within layouts/application (Duration: 5.9ms | Allocations: 1318)
[Webpacker] Everything's up-to-date. Nothing to do
  Rendered shared/_navbar.html.erb (Duration: 1.1ms | Allocations: 199)
  Rendered shared/_flash.html.erb (Duration: 0.2ms | Allocations: 58)
  Rendered layout layouts/application.html.erb (Duration: 29.4ms | Allocations: 5031)
Completed 200 OK in 33ms (Views: 31.6ms | ActiveRecord: 0.0ms | Allocations: 5508)


Started GET "/sign_up" for ::1 at 2021-11-20 21:05:30 +0530
Processing by RegistrationsController#new as HTML
  Rendering layout layouts/application.html.erb
  Rendering registrations/new.html.erb within layouts/application
  Rendered registrations/new.html.erb within layouts/application (Duration: 9.8ms | Allocations: 1318)
[Webpacker] Everything's up-to-date. Nothing to do
  Rendered shared/_navbar.html.erb (Duration: 0.3ms | Allocations: 199)
  Rendered shared/_flash.html.erb (Duration: 0.1ms | Allocations: 58)
  Rendered layout layouts/application.html.erb (Duration: 31.3ms | Allocations: 5031)
Completed 200 OK in 34ms (Views: 32.0ms | ActiveRecord: 0.0ms | Allocations: 5513)


Started GET "/sign_in" for ::1 at 2021-11-20 21:05:32 +0530
Processing by SessionsController#new as HTML
  Rendering layout layouts/application.html.erb
  Rendering sessions/new.html.erb within layouts/application
  Rendered sessions/new.html.erb within layouts/application (Duration: 4.5ms | Allocations: 2092)
[Webpacker] Everything's up-to-date. Nothing to do
  Rendered shared/_navbar.html.erb (Duration: 0.8ms | Allocations: 199)
  Rendered shared/_flash.html.erb (Duration: 0.5ms | Allocations: 59)
  Rendered layout layouts/application.html.erb (Duration: 40.1ms | Allocations: 6324)
Completed 200 OK in 43ms (Views: 41.4ms | ActiveRecord: 0.0ms | Allocations: 6784)


Started GET "/sign_up1" for ::1 at 2021-11-20 21:05:33 +0530
Processing by RegistrationjsController#new as HTML
  Rendering layout layouts/application.html.erb
  Rendering registrationjs/new.html.erb within layouts/application
  Rendered registrationjs/new.html.erb within layouts/application (Duration: 4.0ms | Allocations: 1318)
[Webpacker] Everything's up-to-date. Nothing to do
  Rendered shared/_navbar.html.erb (Duration: 0.8ms | Allocations: 199)
  Rendered shared/_flash.html.erb (Duration: 0.4ms | Allocations: 58)
  Rendered layout layouts/application.html.erb (Duration: 22.0ms | Allocations: 5031)
Completed 200 OK in 51ms (Views: 24.9ms | ActiveRecord: 0.0ms | Allocations: 5508)


Started GET "/sign_in1" for ::1 at 2021-11-20 21:05:34 +0530
Processing by Sessions1Controller#new as HTML
  Rendering layout layouts/application.html.erb
  Rendering sessions1/new.html.erb within layouts/application
  Rendered sessions1/new.html.erb within layouts/application (Duration: 2.3ms | Allocations: 2091)
[Webpacker] Everything's up-to-date. Nothing to do
  Rendered shared/_navbar.html.erb (Duration: 1.8ms | Allocations: 199)
  Rendered shared/_flash.html.erb (Duration: 2.2ms | Allocations: 58)
  Rendered layout layouts/application.html.erb (Duration: 19.1ms | Allocations: 5705)
Completed 200 OK in 21ms (Views: 20.4ms | ActiveRecord: 0.0ms | Allocations: 6165)


Started GET "/sign_in" for ::1 at 2021-11-20 21:05:36 +0530
Processing by SessionsController#new as HTML
  Rendering layout layouts/application.html.erb
  Rendering sessions/new.html.erb within layouts/application
  Rendered sessions/new.html.erb within layouts/application (Duration: 3.1ms | Allocations: 2091)
[Webpacker] Everything's up-to-date. Nothing to do
  Rendered shared/_navbar.html.erb (Duration: 0.8ms | Allocations: 199)
  Rendered shared/_flash.html.erb (Duration: 0.7ms | Allocations: 58)
  Rendered layout layouts/application.html.erb (Duration: 17.5ms | Allocations: 5705)
Completed 200 OK in 24ms (Views: 20.3ms | ActiveRecord: 0.0ms | Allocations: 6165)


Started GET "/sign_up" for ::1 at 2021-11-20 21:05:37 +0530
Processing by RegistrationsController#new as HTML
  Rendering layout layouts/application.html.erb
  Rendering registrations/new.html.erb within layouts/application
  Rendered registrations/new.html.erb within layouts/application (Duration: 12.3ms | Allocations: 1318)
[Webpacker] Everything's up-to-date. Nothing to do
  Rendered shared/_navbar.html.erb (Duration: 0.5ms | Allocations: 199)
  Rendered shared/_flash.html.erb (Duration: 0.1ms | Allocations: 58)
  Rendered layout layouts/application.html.erb (Duration: 31.8ms | Allocations: 5062)
Completed 200 OK in 38ms (Views: 35.7ms | ActiveRecord: 0.0ms | Allocations: 5948)


Started GET "/sign_in" for ::1 at 2021-11-20 21:05:43 +0530
Processing by SessionsController#new as HTML
  Rendering layout layouts/application.html.erb
  Rendering sessions/new.html.erb within layouts/application
  Rendered sessions/new.html.erb within layouts/application (Duration: 13.0ms | Allocations: 2091)
[Webpacker] Everything's up-to-date. Nothing to do
  Rendered shared/_navbar.html.erb (Duration: 0.5ms | Allocations: 200)
  Rendered shared/_flash.html.erb (Duration: 0.2ms | Allocations: 58)
  Rendered layout layouts/application.html.erb (Duration: 33.4ms | Allocations: 6323)
Completed 200 OK in 36ms (Views: 34.3ms | ActiveRecord: 0.0ms | Allocations: 6784)


Started GET "/sign_up" for ::1 at 2021-11-20 21:05:45 +0530
Processing by RegistrationsController#new as HTML
  Rendering layout layouts/application.html.erb
  Rendering registrations/new.html.erb within layouts/application
  Rendered registrations/new.html.erb within layouts/application (Duration: 13.5ms | Allocations: 1318)
[Webpacker] Everything's up-to-date. Nothing to do
  Rendered shared/_navbar.html.erb (Duration: 0.6ms | Allocations: 199)
  Rendered shared/_flash.html.erb (Duration: 0.2ms | Allocations: 58)
  Rendered layout layouts/application.html.erb (Duration: 56.4ms | Allocations: 5039)
Completed 200 OK in 60ms (Views: 57.8ms | ActiveRecord: 0.0ms | Allocations: 5597)


  [1m[35m (1.6ms)[0m  [1m[34mSELECT sqlite_version(*)[0m
  [1m[35m (0.5ms)[0m  [1m[34mSELECT "schema_migrations"."version" FROM "schema_migrations" ORDER BY "schema_migrations"."version" ASC[0m
Migrating to CreateJobs (20211120162537)
  [1m[36mTRANSACTION (0.2ms)[0m  [1m[36mbegin transaction[0m
  [1m[35m (1.1ms)[0m  [1m[35mCREATE TABLE "jobs" ("id" integer PRIMARY KEY AUTOINCREMENT NOT NULL, "job_title" varchar, "job_des" text, "job_percat" integer, "user_id" integer NOT NULL, "created_at" datetime(6) NOT NULL, "updated_at" datetime(6) NOT NULL, CONSTRAINT "fk_rails_df6238c8a6"
FOREIGN KEY ("user_id")
  REFERENCES "users" ("id")
)[0m
  [1m[35m (0.4ms)[0m  [1m[35mCREATE INDEX "index_jobs_on_user_id" ON "jobs" ("user_id")[0m
  [1m[36mActiveRecord::SchemaMigration Create (1.0ms)[0m  [1m[32mINSERT INTO "schema_migrations" ("version") VALUES (?)[0m  [["version", "20211120162537"]]
  [1m[36mTRANSACTION (1.9ms)[0m  [1m[36mcommit transaction[0m
  [1m[36mActiveRecord::InternalMetadata Load (1.3ms)[0m  [1m[34mSELECT "ar_internal_metadata".* FROM "ar_internal_metadata" WHERE "ar_internal_metadata"."key" = ? LIMIT ?[0m  [["key", "environment"], ["LIMIT", 1]]
  [1m[35m (0.2ms)[0m  [1m[34mSELECT sqlite_version(*)[0m
  [1m[35m (0.5ms)[0m  [1m[34mSELECT "schema_migrations"."version" FROM "schema_migrations" ORDER BY "schema_migrations"."version" ASC[0m
  [1m[35m (1.6ms)[0m  [1m[34mSELECT sqlite_version(*)[0m
  [1m[35m (0.9ms)[0m  [1m[34mSELECT "schema_migrations"."version" FROM "schema_migrations" ORDER BY "schema_migrations"."version" ASC[0m
Migrating to CreateAppliedFors (20211120162848)
  [1m[36mTRANSACTION (0.3ms)[0m  [1m[36mbegin transaction[0m
  [1m[35m (1.0ms)[0m  [1m[35mCREATE TABLE "applied_fors" ("id" integer PRIMARY KEY AUTOINCREMENT NOT NULL, "status" integer, "job_id" integer NOT NULL, "jseeker_id" integer NOT NULL, "created_at" datetime(6) NOT NULL, "updated_at" datetime(6) NOT NULL, CONSTRAINT "fk_rails_28030a953a"
FOREIGN KEY ("job_id")
  REFERENCES "jobs" ("id")
, CONSTRAINT "fk_rails_3c71cec283"
FOREIGN KEY ("jseeker_id")
  REFERENCES "jseekers" ("id")
)[0m
  [1m[35m (0.4ms)[0m  [1m[35mCREATE INDEX "index_applied_fors_on_job_id" ON "applied_fors" ("job_id")[0m
  [1m[35m (0.5ms)[0m  [1m[35mCREATE INDEX "index_applied_fors_on_jseeker_id" ON "applied_fors" ("jseeker_id")[0m
  [1m[36mActiveRecord::SchemaMigration Create (0.7ms)[0m  [1m[32mINSERT INTO "schema_migrations" ("version") VALUES (?)[0m  [["version", "20211120162848"]]
  [1m[36mTRANSACTION (2.4ms)[0m  [1m[36mcommit transaction[0m
  [1m[36mActiveRecord::InternalMetadata Load (0.8ms)[0m  [1m[34mSELECT "ar_internal_metadata".* FROM "ar_internal_metadata" WHERE "ar_internal_metadata"."key" = ? LIMIT ?[0m  [["key", "environment"], ["LIMIT", 1]]
  [1m[35m (0.1ms)[0m  [1m[34mSELECT sqlite_version(*)[0m
  [1m[35m (0.1ms)[0m  [1m[34mSELECT "schema_migrations"."version" FROM "schema_migrations" ORDER BY "schema_migrations"."version" ASC[0m
Started GET "/sign_in" for ::1 at 2021-11-20 22:01:20 +0530
  [1m[35m (2.0ms)[0m  [1m[34mSELECT sqlite_version(*)[0m
  [1m[35m (0.9ms)[0m  [1m[34mSELECT "schema_migrations"."version" FROM "schema_migrations" ORDER BY "schema_migrations"."version" ASC[0m
Processing by SessionsController#new as HTML
  Rendering layout layouts/application.html.erb
  Rendering sessions/new.html.erb within layouts/application
  Rendered sessions/new.html.erb within layouts/application (Duration: 26.6ms | Allocations: 4484)
[Webpacker] Everything's up-to-date. Nothing to do
  Rendered shared/_navbar.html.erb (Duration: 5.9ms | Allocations: 877)
  Rendered shared/_flash.html.erb (Duration: 2.7ms | Allocations: 256)
  Rendered layout layouts/application.html.erb (Duration: 92.5ms | Allocations: 11811)
Completed 200 OK in 139ms (Views: 107.0ms | ActiveRecord: 0.0ms | Allocations: 15507)


Started GET "/" for ::1 at 2021-11-20 22:01:25 +0530
Processing by MainController#index as HTML
  Rendering layout layouts/application.html.erb
  Rendering main/index.html.erb within layouts/application
  Rendered main/index.html.erb within layouts/application (Duration: 2.0ms | Allocations: 152)
[Webpacker] Everything's up-to-date. Nothing to do
  Rendered shared/_navbar.html.erb (Duration: 0.6ms | Allocations: 265)
  Rendered shared/_flash.html.erb (Duration: 0.2ms | Allocations: 66)
  Rendered layout layouts/application.html.erb (Duration: 20.2ms | Allocations: 4159)
Completed 200 OK in 27ms (Views: 24.5ms | ActiveRecord: 0.0ms | Allocations: 5395)


Started GET "/" for ::1 at 2021-11-20 22:01:36 +0530
Processing by MainController#index as HTML
  Rendering layout layouts/application.html.erb
  Rendering main/index.html.erb within layouts/application
  Rendered main/index.html.erb within layouts/application (Duration: 0.3ms | Allocations: 40)
[Webpacker] Everything's up-to-date. Nothing to do
  Rendered shared/_navbar.html.erb (Duration: 0.6ms | Allocations: 215)
  Rendered shared/_flash.html.erb (Duration: 0.2ms | Allocations: 58)
  Rendered layout layouts/application.html.erb (Duration: 19.3ms | Allocations: 3783)
Completed 200 OK in 22ms (Views: 20.7ms | ActiveRecord: 0.0ms | Allocations: 4294)


Started GET "/" for ::1 at 2021-11-20 22:01:52 +0530
Processing by MainController#index as HTML
  Rendering layout layouts/application.html.erb
  Rendering main/index.html.erb within layouts/application
  Rendered main/index.html.erb within layouts/application (Duration: 0.2ms | Allocations: 40)
[Webpacker] Everything's up-to-date. Nothing to do
  Rendered shared/_navbar.html.erb (Duration: 1.0ms | Allocations: 215)
  Rendered shared/_flash.html.erb (Duration: 0.2ms | Allocations: 58)
  Rendered layout layouts/application.html.erb (Duration: 15.5ms | Allocations: 3783)
Completed 200 OK in 20ms (Views: 17.1ms | ActiveRecord: 0.0ms | Allocations: 4244)


Started GET "/sign_in" for ::1 at 2021-11-20 22:02:24 +0530
Processing by SessionsController#new as HTML
  Rendering layout layouts/application.html.erb
  Rendering sessions/new.html.erb within layouts/application
  Rendered sessions/new.html.erb within layouts/application (Duration: 3.8ms | Allocations: 2136)
[Webpacker] Everything's up-to-date. Nothing to do
  Rendered shared/_navbar.html.erb (Duration: 0.9ms | Allocations: 199)
  Rendered shared/_flash.html.erb (Duration: 0.2ms | Allocations: 58)
  Rendered layout layouts/application.html.erb (Duration: 37.4ms | Allocations: 5750)
Completed 200 OK in 40ms (Views: 38.7ms | ActiveRecord: 0.0ms | Allocations: 6211)


Started GET "/sign_in" for ::1 at 2021-11-20 22:07:46 +0530
Processing by SessionsController#new as HTML
  Rendering layout layouts/application.html.erb
  Rendering sessions/new.html.erb within layouts/application
  Rendered sessions/new.html.erb within layouts/application (Duration: 4.2ms | Allocations: 2488)
[Webpacker] Everything's up-to-date. Nothing to do
  Rendered shared/_navbar.html.erb (Duration: 3.4ms | Allocations: 673)
  Rendered shared/_flash.html.erb (Duration: 1.4ms | Allocations: 212)
  Rendered layout layouts/application.html.erb (Duration: 35.0ms | Allocations: 7419)
Completed 200 OK in 42ms (Views: 40.0ms | Allocations: 8775)


Started GET "/sign_in" for ::1 at 2021-11-20 22:07:56 +0530
Processing by SessionsController#new as HTML
  Rendering layout layouts/application.html.erb
  Rendering sessions/new.html.erb within layouts/application
  Rendered sessions/new.html.erb within layouts/application (Duration: 4.1ms | Allocations: 2091)
[Webpacker] Everything's up-to-date. Nothing to do
  Rendered shared/_navbar.html.erb (Duration: 0.7ms | Allocations: 199)
  Rendered shared/_flash.html.erb (Duration: 0.2ms | Allocations: 58)
  Rendered layout layouts/application.html.erb (Duration: 21.6ms | Allocations: 5705)
Completed 200 OK in 24ms (Views: 22.7ms | Allocations: 6206)


Started GET "/sign_up" for ::1 at 2021-11-20 22:08:00 +0530
Processing by RegistrationsController#new as HTML
  [1m[35m (0.1ms)[0m  [1m[34mSELECT sqlite_version(*)[0m
  ↳ app/controllers/registrations_controller.rb:3:in `new'
  Rendering layout layouts/application.html.erb
  Rendering registrations/new.html.erb within layouts/application
  Rendered registrations/new.html.erb within layouts/application (Duration: 7.9ms | Allocations: 2335)
[Webpacker] Everything's up-to-date. Nothing to do
  Rendered shared/_navbar.html.erb (Duration: 0.4ms | Allocations: 226)
  Rendered shared/_flash.html.erb (Duration: 0.2ms | Allocations: 66)
  Rendered layout layouts/application.html.erb (Duration: 25.9ms | Allocations: 6268)
Completed 200 OK in 70ms (Views: 28.9ms | ActiveRecord: 2.3ms | Allocations: 13674)


Started GET "/sign_up1" for ::1 at 2021-11-20 22:08:02 +0530
Processing by RegistrationjsController#new as HTML
  Rendering layout layouts/application.html.erb
  Rendering registrationjs/new.html.erb within layouts/application
  Rendered registrationjs/new.html.erb within layouts/application (Duration: 6.8ms | Allocations: 2205)
[Webpacker] Everything's up-to-date. Nothing to do
  Rendered shared/_navbar.html.erb (Duration: 0.5ms | Allocations: 226)
  Rendered shared/_flash.html.erb (Duration: 0.2ms | Allocations: 66)
  Rendered layout layouts/application.html.erb (Duration: 20.0ms | Allocations: 6138)
Completed 200 OK in 41ms (Views: 22.6ms | ActiveRecord: 0.7ms | Allocations: 11667)


Started GET "/sign_up" for ::1 at 2021-11-20 22:08:51 +0530
Processing by RegistrationsController#new as HTML
  Rendering layout layouts/application.html.erb
  Rendering registrations/new.html.erb within layouts/application
  Rendered registrations/new.html.erb within layouts/application (Duration: 10.6ms | Allocations: 1947)
[Webpacker] Everything's up-to-date. Nothing to do
  Rendered shared/_navbar.html.erb (Duration: 2.3ms | Allocations: 673)
  Rendered shared/_flash.html.erb (Duration: 1.8ms | Allocations: 212)
  Rendered layout layouts/application.html.erb (Duration: 36.3ms | Allocations: 6978)
Completed 200 OK in 51ms (Views: 46.6ms | ActiveRecord: 0.0ms | Allocations: 8419)


Started GET "/sign_in" for ::1 at 2021-11-20 22:08:53 +0530
Processing by SessionsController#new as HTML
  Rendering layout layouts/application.html.erb
  Rendering sessions/new.html.erb within layouts/application
  Rendered sessions/new.html.erb within layouts/application (Duration: 5.2ms | Allocations: 2488)
[Webpacker] Everything's up-to-date. Nothing to do
  Rendered shared/_navbar.html.erb (Duration: 1.5ms | Allocations: 222)
  Rendered shared/_flash.html.erb (Duration: 0.3ms | Allocations: 66)
  Rendered layout layouts/application.html.erb (Duration: 29.2ms | Allocations: 7121)
Completed 200 OK in 37ms (Views: 32.5ms | ActiveRecord: 0.0ms | Allocations: 8256)


Started GET "/sign_up1" for ::1 at 2021-11-20 22:09:16 +0530
Processing by RegistrationjsController#new as HTML
  Rendering layout layouts/application.html.erb
  Rendering registrationjs/new.html.erb within layouts/application
  Rendered registrationjs/new.html.erb within layouts/application (Duration: 13.7ms | Allocations: 1948)
[Webpacker] Everything's up-to-date. Nothing to do
  Rendered shared/_navbar.html.erb (Duration: 2.8ms | Allocations: 673)
  Rendered shared/_flash.html.erb (Duration: 1.2ms | Allocations: 212)
  Rendered layout layouts/application.html.erb (Duration: 53.9ms | Allocations: 6978)
Completed 200 OK in 73ms (Views: 62.5ms | ActiveRecord: 0.0ms | Allocations: 8422)


Started GET "/sign_in1" for ::1 at 2021-11-20 22:09:18 +0530
Processing by Sessions1Controller#new as HTML
  Rendering layout layouts/application.html.erb
  Rendering sessions1/new.html.erb within layouts/application
  Rendered sessions1/new.html.erb within layouts/application (Duration: 4.7ms | Allocations: 2460)
[Webpacker] Everything's up-to-date. Nothing to do
  Rendered shared/_navbar.html.erb (Duration: 1.0ms | Allocations: 222)
  Rendered shared/_flash.html.erb (Duration: 0.4ms | Allocations: 66)
  Rendered layout layouts/application.html.erb (Duration: 20.6ms | Allocations: 6320)
Completed 200 OK in 27ms (Views: 24.9ms | ActiveRecord: 0.0ms | Allocations: 7539)


Started GET "/sign_up" for ::1 at 2021-11-20 22:09:20 +0530
Processing by RegistrationsController#new as HTML
  Rendering layout layouts/application.html.erb
  Rendering registrations/new.html.erb within layouts/application
  Rendered registrations/new.html.erb within layouts/application (Duration: 8.3ms | Allocations: 1946)
[Webpacker] Everything's up-to-date. Nothing to do
  Rendered shared/_navbar.html.erb (Duration: 0.9ms | Allocations: 226)
  Rendered shared/_flash.html.erb (Duration: 0.2ms | Allocations: 66)
  Rendered layout layouts/application.html.erb (Duration: 25.5ms | Allocations: 5909)
Completed 200 OK in 39ms (Views: 33.7ms | ActiveRecord: 0.0ms | Allocations: 7090)


Started GET "/sign_up" for ::1 at 2021-11-20 22:13:12 +0530
  [1m[35m (2.9ms)[0m  [1m[34mSELECT sqlite_version(*)[0m
  [1m[35m (0.9ms)[0m  [1m[34mSELECT "schema_migrations"."version" FROM "schema_migrations" ORDER BY "schema_migrations"."version" ASC[0m
Processing by RegistrationsController#new as HTML
  Rendering layout layouts/application.html.erb
  Rendering registrations/new.html.erb within layouts/application
  Rendered registrations/new.html.erb within layouts/application (Duration: 22.0ms | Allocations: 4407)
[Webpacker] Everything's up-to-date. Nothing to do
  Rendered shared/_navbar.html.erb (Duration: 3.8ms | Allocations: 886)
  Rendered shared/_flash.html.erb (Duration: 1.2ms | Allocations: 256)
  Rendered layout layouts/application.html.erb (Duration: 62.7ms | Allocations: 11812)
Completed 200 OK in 107ms (Views: 71.0ms | ActiveRecord: 1.4ms | Allocations: 20836)


